{"C:\\Users\\anaco\\Desktop\\SAP003-md-links\\lib\\index.js": {"path":"C:\\Users\\anaco\\Desktop\\SAP003-md-links\\lib\\index.js","statementMap":{"0":{"start":{"line":1,"column":11},"end":{"line":1,"column":24}},"1":{"start":{"line":2,"column":12},"end":{"line":2,"column":14}},"2":{"start":{"line":6,"column":4},"end":{"line":22,"column":6}},"3":{"start":{"line":7,"column":8},"end":{"line":21,"column":10}},"4":{"start":{"line":8,"column":12},"end":{"line":20,"column":13}},"5":{"start":{"line":9,"column":16},"end":{"line":9,"column":35}},"6":{"start":{"line":11,"column":30},"end":{"line":11,"column":69}},"7":{"start":{"line":12,"column":16},"end":{"line":17,"column":22}},"8":{"start":{"line":13,"column":34},"end":{"line":13,"column":58}},"9":{"start":{"line":14,"column":33},"end":{"line":14,"column":59}},"10":{"start":{"line":16,"column":20},"end":{"line":16,"column":43}},"11":{"start":{"line":19,"column":16},"end":{"line":19,"column":28}},"12":{"start":{"line":26,"column":0},"end":{"line":26,"column":25}}},"fnMap":{"0":{"name":"mdLinks","decl":{"start":{"line":5,"column":9},"end":{"line":5,"column":16}},"loc":{"start":{"line":5,"column":23},"end":{"line":23,"column":1}},"line":5},"1":{"name":"(anonymous_1)","decl":{"start":{"line":6,"column":23},"end":{"line":6,"column":24}},"loc":{"start":{"line":6,"column":43},"end":{"line":22,"column":5}},"line":6},"2":{"name":"(anonymous_2)","decl":{"start":{"line":7,"column":34},"end":{"line":7,"column":35}},"loc":{"start":{"line":7,"column":49},"end":{"line":21,"column":9}},"line":7},"3":{"name":"(anonymous_3)","decl":{"start":{"line":12,"column":30},"end":{"line":12,"column":31}},"loc":{"start":{"line":12,"column":36},"end":{"line":17,"column":21}},"line":12}},"branchMap":{"0":{"loc":{"start":{"line":8,"column":12},"end":{"line":20,"column":13}},"type":"if","locations":[{"start":{"line":8,"column":12},"end":{"line":20,"column":13}},{"start":{"line":8,"column":12},"end":{"line":20,"column":13}}],"line":8}},"s":{"0":1,"1":1,"2":2,"3":2,"4":2,"5":1,"6":1,"7":1,"8":2,"9":2,"10":2,"11":1,"12":1},"f":{"0":2,"1":2,"2":2,"3":2},"b":{"0":[1,1]},"_coverageSchema":"43e27e138ebf9cfc5966b082cf9a028302ed4184","hash":"85b3248368b3543cac2fbc4b1cf4dabffadf7135"}
}
